make all --print-data-base --no-builtin-variables --no-builtin-rules --question
# GNU Make 4.3
 
# Built for x86_64-pc-linux-gnu
 
# Copyright (C) 1988-2020 Free Software Foundation, Inc.
 
# License GPLv3+: GNU GPL version 3 or later <http://gnu.org/licenses/gpl.html>
 
# This is free software: you are free to change and redistribute it.
 
# There is NO WARRANTY, to the extent permitted by law.
 

 
# Make data base, printed on Tue Jun 14 18:15:29 2022
 

# Variables
 

 
# environment
 
LC_ALL = C
 
# makefile (from 'Makefile', line 9)
 
OBJECT = $(patsubst %.c, %.o, $(SOURCE))
 
# environment
 
VSCODE_CWD = /home/dmartiro
 
# makefile (from 'Makefile', line 5)
 
G_FLAG = -Imlx
 
# makefile (from 'Makefile', line 6)
 
S_DIR = src/
 
# default
MAKE_COMMAND := make
# environment
VSCODE_HANDLES_SIGPIPE = true
# automatic
@D = $(patsubst %/,%,$(dir $@))
# environment
VSCODE_HANDLES_UNCAUGHT_ERRORS = true
# default
.VARIABLES := 
# environment
PWD = /home/dmartiro/fdf
# automatic
%D = $(patsubst %/,%,$(dir $%))
# environment
OLDPWD = /home/dmartiro/.vscode-server/bin/4af164ea3a06f701fe3e89a2bcbb421d2026b68f
# automatic
^D = $(patsubst %/,%,$(dir $^))
# environment
VSCODE_LOG_STACK = false
# automatic
%F = $(notdir $%)
# makefile (from 'Makefile', line 7)
LIBFT = libft/libft.a
# environment
LANG = C
# default
.LOADED := 
# default
.INCLUDE_DIRS = /usr/local/include /usr/include /usr/include
# makefile
MAKEFLAGS = pqrR
# makefile
CURDIR := /home/dmartiro/fdf
# environment
VSCODE_PIPE_LOGGING = true
# environment
APPLICATION_INSIGHTS_NO_DIAGNOSTIC_CHANNEL = 1
# automatic
*D = $(patsubst %/,%,$(dir $*))
# environment
MFLAGS = -pqrR
# default
.SHELLFLAGS := -c
# automatic
+D = $(patsubst %/,%,$(dir $+))
# makefile (from 'Makefile', line 1)
MAKEFILE_LIST := Makefile
# automatic
@F = $(notdir $@)
# environment
VSCODE_VERBOSE_LOGGING = true
# environment
XDG_SESSION_TYPE = tty
# automatic
?D = $(patsubst %/,%,$(dir $?))
# automatic
*F = $(notdir $*)
# automatic
<D = $(patsubst %/,%,$(dir $<))
# environment
VSCODE_NLS_CONFIG = {"locale":"en","availableLanguages":{}}
# default
MAKE_HOST := x86_64-pc-linux-gnu
# makefile
SHELL = /bin/sh
# default
MAKECMDGOALS := all
# environment
SHLVL = 0
# environment
MAKELEVEL := 0
# default
MAKE = $(MAKE_COMMAND)
# environment
PATH = /home/dmartiro/.vscode-server/bin/4af164ea3a06f701fe3e89a2bcbb421d2026b68f/bin/remote-cli:/usr/local/bin:/usr/bin:/bin:/usr/local/games:/usr/games
# default
MAKEFILES := 
# environment
MOTD_SHOWN = pam
# automatic
^F = $(notdir $^)
# environment
SSH_CLIENT = 10.0.2.2 57585 4242
# environment
VSCODE_LOG_NATIVE = false
# automatic
?F = $(notdir $?)
# makefile (from 'Makefile', line 1)
NAME = fdf
# environment
LS_COLORS = 
# automatic
+F = $(notdir $+)
# 'override' directive
GNUMAKEFLAGS := 
# environment
BROWSER = /home/dmartiro/.vscode-server/bin/4af164ea3a06f701fe3e89a2bcbb421d2026b68f/bin/helpers/browser.sh
# environment
LOGNAME = dmartiro
# makefile
.DEFAULT_GOAL := all
# makefile (from 'Makefile', line 8)
SOURCE = $(wildcard $(S_DIR)*.c)
# environment
USER = dmartiro
# default
MAKE_VERSION := 4.3
# environment
VSCODE_EXTHOST_WILL_SEND_SOCKET = true
# environment
VSCODE_AGENT_FOLDER = /home/dmartiro/.vscode-server
# environment
_ = /home/dmartiro/.vscode-server/bin/4af164ea3a06f701fe3e89a2bcbb421d2026b68f/node
# environment
XDG_RUNTIME_DIR = /run/user/1000
# environment
VSCODE_IPC_HOOK_CLI = /run/user/1000/vscode-ipc-cc4f8a32-74a8-44f7-9edd-ea696c596ecb.sock
# environment
XDG_SESSION_CLASS = user
# environment
VSCODE_AMD_ENTRYPOINT = vs/workbench/api/node/extensionHostProcess
# environment
HOME = /home/dmartiro
# environment
XDG_SESSION_ID = 1
# default
.RECIPEPREFIX := 
# automatic
<F = $(notdir $<)
# default
SUFFIXES := 
# default
.FEATURES := target-specific order-only second-expansion else-if shortest-stem undefine oneshell nocomment grouped-target extra-prereqs archives jobserver output-sync check-symlink load
# makefile (from 'Makefile', line 4)
FRAME_FLAGS = -lmlx -framework OpenGL -framework AppKit
# makefile (from 'Makefile', line 2)
CC = gcc
# environment
SSH_CONNECTION = 10.0.2.2 57585 10.0.2.15 4242
# variable set hash-table stats:
# Load=75/1024=7%, Rehash=0, Collisions=2/115=2%

# Pattern-specific Variable Values

# No pattern-specific variable values.

# Directories

# src (device 2056, inode 134866): 5 files, no impossibilities.
# . (device 2056, inode 131716): 13 files, no impossibilities.

# 18 files, no impossibilities in 2 directories.

# Implicit Rules

%.o: %.c header.h
#  recipe to execute (from 'Makefile', line 16):
	@echo "Compiling $<"
	@$(CC) $(G_FLAG) -c $< -o $@

# 1 implicit rules, 0 (0.0%) terminal.
# Files

# Not a target:
src/map_generator.o:
#  Implicit rule search has not been done.
#  Modification time never checked.
#  File has not been updated.

# Not a target:
src/draw_map.c:
#  Implicit rule search has been done.
#  Last modified 2022-06-14 18:07:46.403993606
#  File has been updated.
#  Successfully updated.

# Not a target:
Makefile:
#  Implicit rule search has been done.
#  Last modified 2022-06-14 18:07:46.399993606
#  File has been updated.
#  Successfully updated.

clean:
#  Implicit rule search has not been done.
#  Modification time never checked.
#  File has not been updated.
#  recipe to execute (from 'Makefile', line 20):
	@rm $(S_DIR)*.o
	@echo "Object Files Was Cleaned"

# Not a target:
src/fdf.o:
#  Implicit rule search has not been done.
#  Modification time never checked.
#  File has not been updated.

fdf: src/draw_map.o src/fdf.o src/map_generator.o
#  Implicit rule search has not been done.
#  File does not exist.
#  File has been updated.
#  Needs to be updated (-q is set).
# variable set hash-table stats:
# Load=0/32=0%, Rehash=0, Collisions=0/5=0%
#  recipe to execute (from 'Makefile', line 13):
	@$(CC) $(OBJECT) $(FRAME_FLAGS) $(LIBFT) -o $(NAME)

# Not a target:
.DEFAULT:
#  Implicit rule search has not been done.
#  Modification time never checked.
#  File has not been updated.

all: fdf
#  Command line target.
#  Implicit rule search has been done.
#  File does not exist.
#  File has been updated.
#  Needs to be updated (-q is set).
# variable set hash-table stats:
# Load=0/32=0%, Rehash=0, Collisions=0/5=0%

fclean:
#  Implicit rule search has not been done.
#  Modification time never checked.
#  File has not been updated.
#  recipe to execute (from 'Makefile', line 24):
	@rm -f $(NAME)
	@echo "Executable $(NAME) Was Removed"

src/draw_map.o: src/draw_map.c header.h
#  Implicit rule search has been done.
#  Implicit/static pattern stem: 'src/draw_map'
#  File does not exist.
#  File has been updated.
#  Needs to be updated (-q is set).
# automatic
# @ := src/draw_map.o
# automatic
# * := src/draw_map
# automatic
# < := src/draw_map.c
# automatic
# + := src/draw_map.c header.h
# automatic
# % := 
# automatic
# ^ := src/draw_map.c header.h
# automatic
# ? := src/draw_map.c header.h
# automatic
# | := 
# variable set hash-table stats:
# Load=8/32=25%, Rehash=0, Collisions=3/16=19%
#  recipe to execute (from 'Makefile', line 16):
	@echo "Compiling $<"
	@$(CC) $(G_FLAG) -c $< -o $@

# Not a target:
header.h:
#  Implicit rule search has been done.
#  Last modified 2022-06-14 18:11:31.39598438
#  File has been updated.
#  Successfully updated.

# files hash-table stats:
# Load=12/1024=1%, Rehash=0, Collisions=0/33=0%
# VPATH Search Paths

# No 'vpath' search paths.

# No general ('VPATH' variable) search path.

# strcache buffers: 1 (0) / strings = 31 / storage = 303 B / avg = 9 B
# current buf: size = 8162 B / used = 303 B / count = 31 / avg = 9 B

# strcache performance: lookups = 48 / hit rate = 35%
# hash-table stats:
# Load=31/8192=0%, Rehash=0, Collisions=0/48=0%
# Finished Make data base on Tue Jun 14 18:15:29 2022
 

 
